[debug] [2020-04-07T15:43:41.528Z] ----------------------------------------------------------------------
[debug] [2020-04-07T15:43:41.530Z] Command:       /home/a/.nvm/versions/node/v12.8.0/bin/node /home/a/.nvm/versions/node/v12.8.0/bin/firebase deploy --only hosting
[debug] [2020-04-07T15:43:41.530Z] CLI Version:   7.9.0
[debug] [2020-04-07T15:43:41.530Z] Platform:      linux
[debug] [2020-04-07T15:43:41.531Z] Node Version:  v12.8.0
[debug] [2020-04-07T15:43:41.531Z] Time:          Tue Apr 07 2020 21:13:41 GMT+0530 (India Standard Time)
[debug] [2020-04-07T15:43:41.531Z] ----------------------------------------------------------------------
[debug] [2020-04-07T15:43:41.531Z] 
[debug] [2020-04-07T15:43:41.541Z] > command requires scopes: ["email","openid","https://www.googleapis.com/auth/cloudplatformprojects.readonly","https://www.googleapis.com/auth/firebase","https://www.googleapis.com/auth/cloud-platform"]
[debug] [2020-04-07T15:43:41.541Z] > authorizing via signed-in user
[debug] [2020-04-07T15:43:41.541Z] [iam] checking project corona-in for permissions ["firebase.projects.get","firebasehosting.sites.update"]
[debug] [2020-04-07T15:43:41.542Z] > refreshing access token with scopes: ["email","https://www.googleapis.com/auth/cloud-platform","https://www.googleapis.com/auth/cloudplatformprojects.readonly","https://www.googleapis.com/auth/firebase","openid"]
[debug] [2020-04-07T15:43:41.543Z] >>> HTTP REQUEST POST https://www.googleapis.com/oauth2/v3/token  
 <request body omitted>
[debug] [2020-04-07T15:43:47.034Z] <<< HTTP RESPONSE 200
[debug] [2020-04-07T15:43:47.044Z] >>> HTTP REQUEST POST https://cloudresourcemanager.googleapis.com/v1/projects/corona-in:testIamPermissions  

[debug] [2020-04-07T15:43:49.201Z] <<< HTTP RESPONSE 200
[debug] [2020-04-07T15:43:49.205Z] >>> HTTP REQUEST GET https://firebase.googleapis.com/v1beta1/projects/corona-in  
 
[debug] [2020-04-07T15:43:50.021Z] <<< HTTP RESPONSE 200
[info] 
[info] === Deploying to 'corona-in'...
[info] 
[info] i  deploying hosting
[debug] [2020-04-07T15:43:50.030Z] >>> HTTP REQUEST POST https://firebasehosting.googleapis.com/v1beta1/sites/corona-in/versions  

[debug] [2020-04-07T15:43:53.297Z] <<< HTTP RESPONSE 200
[info] i  hosting[corona-in]: beginning deploy...
[info] i  hosting[corona-in]: found 64 files in build
[debug] [2020-04-07T15:43:53.597Z] [hosting] hash cache [YnVpbGQ] stored for 64 files
[debug] [2020-04-07T15:43:53.598Z] [hosting][hash queue][FINAL]
[debug] [2020-04-07T15:43:53.598Z] >>> HTTP REQUEST POST https://firebasehosting.googleapis.com/v1beta1/sites/corona-in/versions/252e613bcac122e7:populateFiles  
 <request body omitted>
[debug] [2020-04-07T15:43:55.960Z] <<< HTTP RESPONSE 200
[debug] [2020-04-07T15:43:55.975Z] [hosting][populate queue][FINAL]
[debug] [2020-04-07T15:43:55.976Z] [hosting] uploads queued: 23
